<?xml version="1.0" encoding="UTF-8"?>
<!-- Generated by org.testng.reporters.JUnitReportReporter -->
<testsuite hostname="DESKTOP-4V5MUAL" failures="0" tests="3" name="com.edureka.testPackage.TestCaseClass" time="0.021" errors="0" timestamp="2023-04-11T21:04:44 IST" skipped="0">
  <testcase classname="com.edureka.testPackage.TestCaseClass" name="returnTicket" time="0.017"/>
  <system-out/>
  <testcase classname="com.edureka.testPackage.TestCaseClass" name="verifyCookiesHandle" time="0.002"/>
  <system-out/>
  <testcase classname="com.edureka.testPackage.TestCaseClass" name="verifyMouseHover" time="0.002"/>
  <system-out/>
</testsuite> <!-- com.edureka.testPackage.TestCaseClass -->
